Build started 05.04.2017 22:33:50.
     1>Project "D:\VS Projects\Projects\OS_Ex3\OS_Ex3\OS_Ex3.vcxproj" on node 2 (Build target(s)).
     1>ClCompile:
         D:\Visual Studiu 2013\VC\bin\CL.exe /c /ZI /nologo /W3 /WX- /Od /Oy- /D WIN32 /D _DEBUG /D _CONSOLE /D _LIB /D _MBCS /Gm /EHsc /RTC1 /MDd /GS /fp:precise /Zc:wchar_t /Zc:forScope /Fo"Debug\\" /Fd"Debug\vc120.pdb" /Gd /TP /analyze- /errorReport:prompt receiver.cpp
         receiver.cpp
     1>d:\vs projects\projects\os_ex3\os_ex3\receiver.cpp(36): warning C4996: 'scanf': This function or variable may be unsafe. Consider using scanf_s instead. To disable deprecation, use _CRT_SECURE_NO_WARNINGS. See online help for details.
                 d:\visual studiu 2013\vc\include\stdio.h(283) : see declaration of 'scanf'
     1>d:\vs projects\projects\os_ex3\os_ex3\receiver.cpp(38): warning C4996: 'scanf': This function or variable may be unsafe. Consider using scanf_s instead. To disable deprecation, use _CRT_SECURE_NO_WARNINGS. See online help for details.
                 d:\visual studiu 2013\vc\include\stdio.h(283) : see declaration of 'scanf'
     1>d:\vs projects\projects\os_ex3\os_ex3\receiver.cpp(41): warning C4996: 'sprintf': This function or variable may be unsafe. Consider using sprintf_s instead. To disable deprecation, use _CRT_SECURE_NO_WARNINGS. See online help for details.
                 d:\visual studiu 2013\vc\include\stdio.h(356) : see declaration of 'sprintf'
     1>d:\vs projects\projects\os_ex3\os_ex3\receiver.cpp(44): warning C4996: 'sprintf': This function or variable may be unsafe. Consider using sprintf_s instead. To disable deprecation, use _CRT_SECURE_NO_WARNINGS. See online help for details.
                 d:\visual studiu 2013\vc\include\stdio.h(356) : see declaration of 'sprintf'
     1>d:\vs projects\projects\os_ex3\os_ex3\receiver.cpp(45): warning C4996: 'sprintf': This function or variable may be unsafe. Consider using sprintf_s instead. To disable deprecation, use _CRT_SECURE_NO_WARNINGS. See online help for details.
                 d:\visual studiu 2013\vc\include\stdio.h(356) : see declaration of 'sprintf'
     1>d:\vs projects\projects\os_ex3\os_ex3\receiver.cpp(51): warning C4996: 'scanf': This function or variable may be unsafe. Consider using scanf_s instead. To disable deprecation, use _CRT_SECURE_NO_WARNINGS. See online help for details.
                 d:\visual studiu 2013\vc\include\stdio.h(283) : see declaration of 'scanf'
     1>d:\vs projects\projects\os_ex3\os_ex3\receiver.cpp(68): warning C4996: 'scanf': This function or variable may be unsafe. Consider using scanf_s instead. To disable deprecation, use _CRT_SECURE_NO_WARNINGS. See online help for details.
                 d:\visual studiu 2013\vc\include\stdio.h(283) : see declaration of 'scanf'
       Link:
         D:\Visual Studiu 2013\VC\bin\link.exe /ERRORREPORT:PROMPT /OUT:"D:\VS Projects\Projects\OS_Ex3\Debug\Receiver.exe" /INCREMENTAL /NOLOGO kernel32.lib user32.lib gdi32.lib winspool.lib comdlg32.lib advapi32.lib shell32.lib ole32.lib oleaut32.lib uuid.lib odbc32.lib odbccp32.lib /MANIFEST /MANIFESTUAC:"level='asInvoker' uiAccess='false'" /manifest:embed /DEBUG /PDB:"D:\VS Projects\Projects\OS_Ex3\Debug\Receiver.pdb" /SUBSYSTEM:CONSOLE /TLBID:1 /DYNAMICBASE /NXCOMPAT /IMPLIB:"D:\VS Projects\Projects\OS_Ex3\Debug\Receiver.lib" /MACHINE:X86 Debug\fileCreateIn.obj
         Debug\fileCreateOut.obj
         Debug\receiver.obj
         OS_Ex3.vcxproj -> D:\VS Projects\Projects\OS_Ex3\Debug\Receiver.exe
     1>Done Building Project "D:\VS Projects\Projects\OS_Ex3\OS_Ex3\OS_Ex3.vcxproj" (Build target(s)).

Build succeeded.

Time Elapsed 00:00:02.85
